<?xml version="1.0" encoding="UTF-8"?>
<!-- Generated by org.testng.reporters.JUnitReportReporter -->
<testsuite hostname="LAPTOP-ED3B4Q90" failures="0" tests="1" name="tests.selenium.TC003_CreateIncidentUsingRestAndVerifyUsingSelenium" time="70.927" errors="0" timestamp="2023-02-18T08:00:33 IST" skipped="0">
  <testcase classname="tests.selenium.TC003_CreateIncidentUsingRestAndVerifyUsingSelenium" name="createIncident" time="70.927"/>
  <system-out/>
</testsuite> <!-- tests.selenium.TC003_CreateIncidentUsingRestAndVerifyUsingSelenium -->
