<?xml version="1.0" encoding="UTF-8"?>
<!-- Generated by org.testng.reporters.JUnitReportReporter -->
<testsuite hostname="LAPTOP-ED3B4Q90" failures="0" tests="1" name="tests.rest.TC001_CreateIncident" time="5.366" errors="0" timestamp="2022-12-18T11:42:46 IST" skipped="0">
  <testcase classname="tests.rest.TC001_CreateIncident" name="createIncident" time="5.366"/>
  <system-out/>
</testsuite> <!-- tests.rest.TC001_CreateIncident -->
