<?xml version="1.0" encoding="UTF-8"?>
<!-- Generated by org.testng.reporters.JUnitReportReporter -->
<testsuite hostname="LAPTOP-ED3B4Q90" failures="0" tests="1" name="tests.selenium.TC002_CreateIncidentAndGetFromRest" time="78.608" errors="0" timestamp="2022-10-07T21:44:57 IST" skipped="0">
  <testcase classname="tests.selenium.TC002_CreateIncidentAndGetFromRest" name="createIncident" time="78.608"/>
  <system-out/>
</testsuite> <!-- tests.selenium.TC002_CreateIncidentAndGetFromRest -->
